<?xml version="1.0" encoding="utf-8"?><testsuites name="pytest tests"><testsuite name="pytest" errors="0" failures="2" skipped="0" tests="24" time="18.668" timestamp="2026-08-27T06:26:31.591168+00:00" hostname="agent-env-80aea51e-786e-488c-9c8c-7811a58c1ee8"><testcase classname="tests.test_stock_and_subscription" name="test_shop_returns_stock_fields" time="0.165" /><testcase classname="tests.backend_test" name="test_login_owner" time="0.645" /><testcase classname="tests.test_stock_and_subscription" name="test_stock_decrements_after_order" time="1.795" /><testcase classname="tests.backend_test" name="test_login_bad_creds" time="0.102" /><testcase classname="tests.backend_test" name="test_forgot_password_generic" time="0.171" /><testcase classname="tests.backend_test" name="test_register_new_seller" time="0.552" /><testcase classname="tests.backend_test" name="test_owner_store_exists" time="0.421" /><testcase classname="tests.backend_test" name="test_razorpay_connect_and_hide_secret" time="0.685"><failure message="AssertionError: assert False is True&#10; +  where False = &lt;built-in method get of dict object at 0xf8cf10710bc0&gt;('connected')&#10; +    where &lt;built-in method get of dict object at 0xf8cf10710bc0&gt; = {'connected': False}.get">backend/tests/backend_test.py:40: in test_razorpay_connect_and_hide_secret
    assert body.get("connected") is True
E   AssertionError: assert False is True
E    +  where False = &lt;built-in method get of dict object at 0xf8cf10710bc0&gt;('connected')
E    +    where &lt;built-in method get of dict object at 0xf8cf10710bc0&gt; = {'connected': False}.get</failure></testcase><testcase classname="tests.test_stock_and_subscription" name="test_sellout_returns_409" time="0.752" /><testcase classname="tests.backend_test" name="test_shop_public_and_products" time="0.603" /><testcase classname="tests.test_stock_and_subscription" name="test_option_sellout_returns_409" time="1.103" /><testcase classname="tests.backend_test" name="test_order_lifecycle_mock" time="9.718" /><testcase classname="tests.test_stock_and_subscription" name="test_subscription_get_returns_billing_configured" time="0.367" /><testcase classname="tests.test_stock_and_subscription" name="test_subscription_create_returns_order" time="2.399"><failure message="assert 149 == 199">backend/tests/test_stock_and_subscription.py:126: in test_subscription_create_returns_order
    assert j["amount"] == 199
E   assert 149 == 199</failure></testcase><testcase classname="tests.test_stock_and_subscription" name="test_subscription_verify_rejects_bad_signature" time="1.643" /><testcase classname="tests.test_stock_and_subscription" name="test_subscription_simulate_toggles_ads" time="0.646" /><testcase classname="tests.backend_test" name="test_subscription_toggle_hides_ads" time="0.672" /><testcase classname="tests.test_iteration5" name="test_upload_product_image_and_serve" time="0.805" /><testcase classname="tests.test_iteration5" name="test_upload_avatar_sets_user" time="0.582" /><testcase classname="tests.test_iteration5" name="test_route_onboard_mock_fallback" time="1.805" /><testcase classname="tests.test_iteration5" name="test_route_disconnect" time="0.431" /><testcase classname="tests.test_iteration5" name="test_public_shop_bio_and_seller" time="0.106" /><testcase classname="tests.test_iteration5" name="test_orders_pagination" time="0.475" /><testcase classname="tests.test_iteration5" name="test_register_new_seller_has_no_store" time="0.382" /></testsuite></testsuites>