<?xml version="1.0" encoding="utf-8"?><testsuites name="pytest tests"><testsuite name="pytest" errors="0" failures="0" skipped="0" tests="9" time="20.797" timestamp="2026-08-27T04:27:49.612622+00:00" hostname="agent-env-80aea51e-786e-488c-9c8c-7811a58c1ee8"><testcase classname="tests.backend_test" name="test_login_owner" time="0.669" /><testcase classname="tests.backend_test" name="test_login_bad_creds" time="0.139" /><testcase classname="tests.backend_test" name="test_forgot_password_generic" time="0.101" /><testcase classname="tests.backend_test" name="test_register_new_seller" time="0.358" /><testcase classname="tests.backend_test" name="test_owner_store_exists" time="0.366" /><testcase classname="tests.backend_test" name="test_razorpay_connect_and_hide_secret" time="0.438" /><testcase classname="tests.backend_test" name="test_shop_public_and_products" time="0.363" /><testcase classname="tests.backend_test" name="test_order_lifecycle_mock" time="17.073" /><testcase classname="tests.backend_test" name="test_subscription_toggle_hides_ads" time="0.767" /></testsuite></testsuites>