<?xml version="1.0" encoding="utf-8"?><testsuites name="pytest tests"><testsuite name="pytest" errors="0" failures="0" skipped="0" tests="8" time="7.792" timestamp="2026-08-27T04:50:59.494948+00:00" hostname="agent-env-80aea51e-786e-488c-9c8c-7811a58c1ee8"><testcase classname="tests.test_stock_and_subscription" name="test_shop_returns_stock_fields" time="0.320" /><testcase classname="tests.test_stock_and_subscription" name="test_stock_decrements_after_order" time="1.458" /><testcase classname="tests.test_stock_and_subscription" name="test_sellout_returns_409" time="0.571" /><testcase classname="tests.test_stock_and_subscription" name="test_option_sellout_returns_409" time="0.798" /><testcase classname="tests.test_stock_and_subscription" name="test_subscription_get_returns_billing_configured" time="0.370" /><testcase classname="tests.test_stock_and_subscription" name="test_subscription_create_returns_order" time="1.575" /><testcase classname="tests.test_stock_and_subscription" name="test_subscription_verify_rejects_bad_signature" time="1.531" /><testcase classname="tests.test_stock_and_subscription" name="test_subscription_simulate_toggles_ads" time="0.629" /></testsuite></testsuites>